#
# There is insufficient memory for the Java Runtime Environment to continue.
# Native memory allocation (malloc) failed to allocate 32744 bytes for ChunkPool::allocate
# Possible reasons:
#   The system is out of physical RAM or swap space
#   The process is running with CompressedOops enabled, and the Java Heap may be blocking the growth of the native heap
# Possible solutions:
#   Reduce memory load on the system
#   Increase physical memory or swap space
#   Check if swap backing store is full
#   Decrease Java heap size (-Xmx/-Xms)
#   Decrease number of Java threads
#   Decrease Java thread stack sizes (-Xss)
#   Set larger code cache with -XX:ReservedCodeCacheSize=
#   JVM is running with Unscaled Compressed Oops mode in which the Java heap is
#     placed in the first 4GB address space. The Java Heap base address is the
#     maximum limit for the native heap growth. Please use -XX:HeapBaseMinAddress
#     to set the Java Heap base and to place the Java Heap above 4GB virtual address.
# This output file may be truncated or incomplete.
#
#  Out of Memory Error (./src/hotspot/share/memory/arena.cpp:80), pid=14556, tid=25720
#
# JRE version: OpenJDK Runtime Environment 19.9 (13.0.4+8) (build 13.0.4+8)
# Java VM: OpenJDK 64-Bit Server VM 19.9 (13.0.4+8, mixed mode, sharing, tiered, compressed oops, g1 gc, windows-amd64)
# No core dump will be written. Minidumps are not enabled by default on client versions of Windows
#

---------------  S U M M A R Y ------------

Command Line: -Xmx64m -Xms64m -Dorg.gradle.appname=gradlew org.gradle.wrapper.GradleWrapperMain app:installDebug -PreactNativeDevServerPort=8081

Host: AMD Ryzen 5 2600 Six-Core Processor            , 12 cores, 15G,  Windows 10 , 64 bit Build 19041 (10.0.19041.928)
Time: Sat May  8 22:02:25 2021 Hora Padrão da Bahia elapsed time: 10 seconds (0d 0h 0m 10s)

---------------  T H R E A D  ---------------

Current thread (0x00000180a8014800):  JavaThread "main" [_thread_in_vm, id=25720, stack(0x00000009eed00000,0x00000009eee00000)]

Stack: [0x00000009eed00000,0x00000009eee00000]
Native frames: (J=compiled Java code, j=interpreted, Vv=VM code, C=native code)
V  [jvm.dll+0x6326da]
V  [jvm.dll+0x7dc74a]
V  [jvm.dll+0x7ddeff]
V  [jvm.dll+0x7de543]
V  [jvm.dll+0x250628]
V  [jvm.dll+0xc4e66]
V  [jvm.dll+0xc51bc]
V  [jvm.dll+0x1d1008]
V  [jvm.dll+0x1d1e45]
V  [jvm.dll+0x1d2a42]
V  [jvm.dll+0x1c75cb]
V  [jvm.dll+0x512d42]
V  [jvm.dll+0x767ef9]
V  [jvm.dll+0x3f6e20]
V  [jvm.dll+0x3fbfd6]
C  [java.dll+0x1970]

Java frames: (J=compiled Java code, j=interpreted, Vv=VM code)
J 778  java.lang.ClassLoader.defineClass1(Ljava/lang/ClassLoader;Ljava/lang/String;[BIILjava/security/ProtectionDomain;Ljava/lang/String;)Ljava/lang/Class; java.base@13.0.4 (0 bytes) @ 0x00000180b9b3cb0b [0x00000180b9b3ca40+0x00000000000000cb]
J 802 c1 java.lang.ClassLoader.defineClass(Ljava/lang/String;[BIILjava/security/ProtectionDomain;)Ljava/lang/Class; java.base@13.0.4 (43 bytes) @ 0x00000180b276c394 [0x00000180b276c020+0x0000000000000374]
J 712 c1 java.net.URLClassLoader.defineClass(Ljava/lang/String;Ljdk/internal/loader/Resource;)Ljava/lang/Class; java.base@13.0.4 (224 bytes) @ 0x00000180b27302bc [0x00000180b272de80+0x000000000000243c]
J 719 c1 java.net.URLClassLoader$1.run()Ljava/lang/Class; java.base@13.0.4 (63 bytes) @ 0x00000180b273570c [0x00000180b2734ca0+0x0000000000000a6c]
J 700 c1 java.net.URLClassLoader.findClass(Ljava/lang/String;)Ljava/lang/Class; java.base@13.0.4 (47 bytes) @ 0x00000180b271e7c4 [0x00000180b271e480+0x0000000000000344]
J 551 c1 java.lang.ClassLoader.loadClass(Ljava/lang/String;Z)Ljava/lang/Class; java.base@13.0.4 (122 bytes) @ 0x00000180b26c54bc [0x00000180b26c4b60+0x000000000000095c]
J 544 c1 java.lang.ClassLoader.loadClass(Ljava/lang/String;)Ljava/lang/Class; java.base@13.0.4 (7 bytes) @ 0x00000180b26c256c [0x00000180b26c2440+0x000000000000012c]
v  ~StubRoutines::call_stub
j  org.gradle.internal.logging.services.DefaultStyledTextOutputFactory.create(Ljava/lang/String;Lorg/gradle/api/logging/LogLevel;)Lorg/gradle/internal/logging/text/StyledTextOutput;+0
j  org.gradle.internal.logging.text.AbstractStyledTextOutputFactory.create(Ljava/lang/Class;Lorg/gradle/api/logging/LogLevel;)Lorg/gradle/internal/logging/text/StyledTextOutput;+6
j  org.gradle.internal.buildevents.BuildExceptionReporter.renderSingleBuildException(Ljava/lang/Throwable;)V+9
j  org.gradle.internal.buildevents.BuildExceptionReporter.execute(Ljava/lang/Throwable;)V+27
j  org.gradle.internal.buildevents.BuildExceptionReporter.execute(Ljava/lang/Object;)V+5
j  org.gradle.launcher.cli.ExceptionReportingAction.execute(Lorg/gradle/launcher/bootstrap/ExecutionListener;)V+89
j  org.gradle.launcher.cli.ExceptionReportingAction.execute(Ljava/lang/Object;)V+5
j  org.gradle.launcher.cli.DefaultCommandLineActionFactory$WithLogging.execute(Lorg/gradle/launcher/bootstrap/ExecutionListener;)V+257
j  org.gradle.launcher.Main.doAction([Ljava/lang/String;Lorg/gradle/launcher/bootstrap/ExecutionListener;)V+14
j  org.gradle.launcher.bootstrap.EntryPoint.run([Ljava/lang/String;)V+12
v  ~StubRoutines::call_stub
j  jdk.internal.reflect.NativeMethodAccessorImpl.invoke0(Ljava/lang/reflect/Method;Ljava/lang/Object;[Ljava/lang/Object;)Ljava/lang/Object;+0 java.base@13.0.4
j  jdk.internal.reflect.NativeMethodAccessorImpl.invoke(Ljava/lang/Object;[Ljava/lang/Object;)Ljava/lang/Object;+100 java.base@13.0.4
j  jdk.internal.reflect.DelegatingMethodAccessorImpl.invoke(Ljava/lang/Object;[Ljava/lang/Object;)Ljava/lang/Object;+6 java.base@13.0.4
j  java.lang.reflect.Method.invoke(Ljava/lang/Object;[Ljava/lang/Object;)Ljava/lang/Object;+59 java.base@13.0.4
j  org.gradle.launcher.bootstrap.ProcessBootstrap.runNoExit(Ljava/lang/String;[Ljava/lang/String;)V+161
j  org.gradle.launcher.bootstrap.ProcessBootstrap.run(Ljava/lang/String;[Ljava/lang/String;)V+3
j  org.gradle.launcher.GradleMain.main([Ljava/lang/String;)V+36
v  ~StubRoutines::call_stub
j  jdk.internal.reflect.NativeMethodAccessorImpl.invoke0(Ljava/lang/reflect/Method;Ljava/lang/Object;[Ljava/lang/Object;)Ljava/lang/Object;+0 java.base@13.0.4
j  jdk.internal.reflect.NativeMethodAccessorImpl.invoke(Ljava/lang/Object;[Ljava/lang/Object;)Ljava/lang/Object;+100 java.base@13.0.4
j  jdk.internal.reflect.DelegatingMethodAccessorImpl.invoke(Ljava/lang/Object;[Ljava/lang/Object;)Ljava/lang/Object;+6 java.base@13.0.4
j  java.lang.reflect.Method.invoke(Ljava/lang/Object;[Ljava/lang/Object;)Ljava/lang/Object;+59 java.base@13.0.4
j  org.gradle.wrapper.BootstrapMainStarter.start([Ljava/lang/String;Ljava/io/File;)V+105
j  org.gradle.wrapper.WrapperExecutor.execute([Ljava/lang/String;Lorg/gradle/wrapper/Install;Lorg/gradle/wrapper/BootstrapMainStarter;)V+14
j  org.gradle.wrapper.GradleWrapperMain.main([Ljava/lang/String;)V+187
v  ~StubRoutines::call_stub

---------------  P R O C E S S  ---------------

Threads class SMR info:
_java_thread_list=0x00000180c65c0260, length=13, elements={
0x00000180a8014800, 0x00000180a80ee800, 0x00000180c4a92800, 0x00000180c4ab4000,
0x00000180c4ab5000, 0x00000180c4aba000, 0x00000180c4abc800, 0x00000180c4ac8800,
0x00000180c552a800, 0x00000180c5542800, 0x00000180c652e000, 0x00000180c6296800,
0x00000180c54ef800
}

Java Threads: ( => current thread )
=>0x00000180a8014800 JavaThread "main" [_thread_in_vm, id=25720, stack(0x00000009eed00000,0x00000009eee00000)]
  0x00000180a80ee800 JavaThread "Reference Handler" daemon [_thread_blocked, id=23240, stack(0x00000009ef400000,0x00000009ef500000)]
  0x00000180c4a92800 JavaThread "Finalizer" daemon [_thread_blocked, id=10540, stack(0x00000009ef500000,0x00000009ef600000)]
  0x00000180c4ab4000 JavaThread "Signal Dispatcher" daemon [_thread_blocked, id=16860, stack(0x00000009ef600000,0x00000009ef700000)]
  0x00000180c4ab5000 JavaThread "Attach Listener" daemon [_thread_blocked, id=7596, stack(0x00000009ef700000,0x00000009ef800000)]
  0x00000180c4aba000 JavaThread "C2 CompilerThread0" daemon [_thread_in_native, id=23944, stack(0x00000009ef800000,0x00000009ef900000)]
  0x00000180c4abc800 JavaThread "C1 CompilerThread0" daemon [_thread_blocked, id=21476, stack(0x00000009ef900000,0x00000009efa00000)]
  0x00000180c4ac8800 JavaThread "Sweeper thread" daemon [_thread_blocked, id=9192, stack(0x00000009efa00000,0x00000009efb00000)]
  0x00000180c552a800 JavaThread "Service Thread" daemon [_thread_blocked, id=9524, stack(0x00000009efb00000,0x00000009efc00000)]
  0x00000180c5542800 JavaThread "Common-Cleaner" daemon [_thread_blocked, id=1584, stack(0x00000009efd00000,0x00000009efe00000)]
  0x00000180c652e000 JavaThread "pool-1-thread-1" [_thread_blocked, id=9160, stack(0x00000009f0000000,0x00000009f0100000)]
  0x00000180c6296800 JavaThread "DisconnectableInputStream source reader" daemon [_thread_in_native, id=16332, stack(0x00000009f0500000,0x00000009f0600000)]
  0x00000180c54ef800 JavaThread "C2 CompilerThread1" daemon [_thread_in_native, id=11640, stack(0x00000009f0600000,0x00000009f0700000)]

Other Threads:
  0x00000180a80ea800 VMThread "VM Thread" [stack: 0x00000009ef300000,0x00000009ef400000] [id=13268]
  0x00000180c553f800 WatcherThread [stack: 0x00000009efc00000,0x00000009efd00000] [id=15032]
  0x00000180a8036000 GCTaskThread "GC Thread#0" [stack: 0x00000009eee00000,0x00000009eef00000] [id=25012]
  0x00000180c6177000 GCTaskThread "GC Thread#1" [stack: 0x00000009f0100000,0x00000009f0200000] [id=25116]
  0x00000180c5f99800 GCTaskThread "GC Thread#2" [stack: 0x00000009f0200000,0x00000009f0300000] [id=25308]
  0x00000180c5f9a000 GCTaskThread "GC Thread#3" [stack: 0x00000009f0300000,0x00000009f0400000] [id=23076]
  0x00000180a8038000 ConcurrentGCThread "G1 Main Marker" [stack: 0x00000009eef00000,0x00000009ef000000] [id=19416]
  0x00000180a803b000 ConcurrentGCThread "G1 Conc#0" [stack: 0x00000009ef000000,0x00000009ef100000] [id=24996]
  0x00000180a80a8000 ConcurrentGCThread "G1 Refine#0" [stack: 0x00000009ef100000,0x00000009ef200000] [id=18676]
  0x00000180a80ab000 ConcurrentGCThread "G1 Young RemSet Sampling" [stack: 0x00000009ef200000,0x00000009ef300000] [id=16996]

Threads with active compile tasks:
C2 CompilerThread0    10302 1384       4       org.gradle.internal.logging.text.AbstractLineChoppingStyledTextOutput$1::execute (9 bytes)
C2 CompilerThread1    10302 1385       4       org.gradle.internal.logging.text.AbstractLineChoppingStyledTextOutput$1::execute (130 bytes)

VM state:not at safepoint (normal execution)

VM Mutex/Monitor currently owned by a thread: None

Heap address: 0x00000000fc000000, size: 64 MB, Compressed Oops mode: 32-bit
Narrow klass base: 0x0000000800000000, Narrow klass shift: 3
Compressed class space size: 1073741824 Address: 0x0000000800b10000

Heap:
 garbage-first heap   total 65536K, used 27506K [0x00000000fc000000, 0x0000000100000000)
  region size 1024K, 22 young (22528K), 3 survivors (3072K)
 Metaspace       used 9207K, capacity 9787K, committed 10112K, reserved 1058816K
  class space    used 1225K, capacity 1334K, committed 1408K, reserved 1048576K
Heap Regions: E=young(eden), S=young(survivor), O=old, HS=humongous(starts), HC=humongous(continues), CS=collection set, F=free, A=archive, TAMS=top-at-mark-start (previous, next)
|   0|0x00000000fc000000, 0x00000000fc000000, 0x00000000fc100000|  0%| F|  |TAMS 0x00000000fc000000, 0x00000000fc000000| Untracked 
|   1|0x00000000fc100000, 0x00000000fc100000, 0x00000000fc200000|  0%| F|  |TAMS 0x00000000fc100000, 0x00000000fc100000| Untracked 
|   2|0x00000000fc200000, 0x00000000fc200000, 0x00000000fc300000|  0%| F|  |TAMS 0x00000000fc200000, 0x00000000fc200000| Untracked 
|   3|0x00000000fc300000, 0x00000000fc400000, 0x00000000fc400000|100%|HS|  |TAMS 0x00000000fc300000, 0x00000000fc300000| Complete 
|   4|0x00000000fc400000, 0x00000000fc500000, 0x00000000fc500000|100%|HC|  |TAMS 0x00000000fc400000, 0x00000000fc400000| Complete 
|   5|0x00000000fc500000, 0x00000000fc600000, 0x00000000fc600000|100%|HC|  |TAMS 0x00000000fc500000, 0x00000000fc500000| Complete 
|   6|0x00000000fc600000, 0x00000000fc700000, 0x00000000fc700000|100%| O|  |TAMS 0x00000000fc600000, 0x00000000fc600000| Untracked 
|   7|0x00000000fc700000, 0x00000000fc800000, 0x00000000fc800000|100%| O|  |TAMS 0x00000000fc700000, 0x00000000fc700000| Untracked 
|   8|0x00000000fc800000, 0x00000000fc8dc800, 0x00000000fc900000| 86%| O|  |TAMS 0x00000000fc800000, 0x00000000fc800000| Untracked 
|   9|0x00000000fc900000, 0x00000000fc900000, 0x00000000fca00000|  0%| F|  |TAMS 0x00000000fc900000, 0x00000000fc900000| Untracked 
|  10|0x00000000fca00000, 0x00000000fca00000, 0x00000000fcb00000|  0%| F|  |TAMS 0x00000000fca00000, 0x00000000fca00000| Untracked 
|  11|0x00000000fcb00000, 0x00000000fcb00000, 0x00000000fcc00000|  0%| F|  |TAMS 0x00000000fcb00000, 0x00000000fcb00000| Untracked 
|  12|0x00000000fcc00000, 0x00000000fcc00000, 0x00000000fcd00000|  0%| F|  |TAMS 0x00000000fcc00000, 0x00000000fcc00000| Untracked 
|  13|0x00000000fcd00000, 0x00000000fcd00000, 0x00000000fce00000|  0%| F|  |TAMS 0x00000000fcd00000, 0x00000000fcd00000| Untracked 
|  14|0x00000000fce00000, 0x00000000fce00000, 0x00000000fcf00000|  0%| F|  |TAMS 0x00000000fce00000, 0x00000000fce00000| Untracked 
|  15|0x00000000fcf00000, 0x00000000fcf00000, 0x00000000fd000000|  0%| F|  |TAMS 0x00000000fcf00000, 0x00000000fcf00000| Untracked 
|  16|0x00000000fd000000, 0x00000000fd000000, 0x00000000fd100000|  0%| F|  |TAMS 0x00000000fd000000, 0x00000000fd000000| Untracked 
|  17|0x00000000fd100000, 0x00000000fd100000, 0x00000000fd200000|  0%| F|  |TAMS 0x00000000fd100000, 0x00000000fd100000| Untracked 
|  18|0x00000000fd200000, 0x00000000fd200000, 0x00000000fd300000|  0%| F|  |TAMS 0x00000000fd200000, 0x00000000fd200000| Untracked 
|  19|0x00000000fd300000, 0x00000000fd300000, 0x00000000fd400000|  0%| F|  |TAMS 0x00000000fd300000, 0x00000000fd300000| Untracked 
|  20|0x00000000fd400000, 0x00000000fd400000, 0x00000000fd500000|  0%| F|  |TAMS 0x00000000fd400000, 0x00000000fd400000| Untracked 
|  21|0x00000000fd500000, 0x00000000fd500000, 0x00000000fd600000|  0%| F|  |TAMS 0x00000000fd500000, 0x00000000fd500000| Untracked 
|  22|0x00000000fd600000, 0x00000000fd600000, 0x00000000fd700000|  0%| F|  |TAMS 0x00000000fd600000, 0x00000000fd600000| Untracked 
|  23|0x00000000fd700000, 0x00000000fd700000, 0x00000000fd800000|  0%| F|  |TAMS 0x00000000fd700000, 0x00000000fd700000| Untracked 
|  24|0x00000000fd800000, 0x00000000fd800000, 0x00000000fd900000|  0%| F|  |TAMS 0x00000000fd800000, 0x00000000fd800000| Untracked 
|  25|0x00000000fd900000, 0x00000000fd900000, 0x00000000fda00000|  0%| F|  |TAMS 0x00000000fd900000, 0x00000000fd900000| Untracked 
|  26|0x00000000fda00000, 0x00000000fda00000, 0x00000000fdb00000|  0%| F|  |TAMS 0x00000000fda00000, 0x00000000fda00000| Untracked 
|  27|0x00000000fdb00000, 0x00000000fdb00000, 0x00000000fdc00000|  0%| F|  |TAMS 0x00000000fdb00000, 0x00000000fdb00000| Untracked 
|  28|0x00000000fdc00000, 0x00000000fdc00000, 0x00000000fdd00000|  0%| F|  |TAMS 0x00000000fdc00000, 0x00000000fdc00000| Untracked 
|  29|0x00000000fdd00000, 0x00000000fdd00000, 0x00000000fde00000|  0%| F|  |TAMS 0x00000000fdd00000, 0x00000000fdd00000| Untracked 
|  30|0x00000000fde00000, 0x00000000fde00000, 0x00000000fdf00000|  0%| F|  |TAMS 0x00000000fde00000, 0x00000000fde00000| Untracked 
|  31|0x00000000fdf00000, 0x00000000fdf00000, 0x00000000fe000000|  0%| F|  |TAMS 0x00000000fdf00000, 0x00000000fdf00000| Untracked 
|  32|0x00000000fe000000, 0x00000000fe000000, 0x00000000fe100000|  0%| F|  |TAMS 0x00000000fe000000, 0x00000000fe000000| Untracked 
|  33|0x00000000fe100000, 0x00000000fe100000, 0x00000000fe200000|  0%| F|  |TAMS 0x00000000fe100000, 0x00000000fe100000| Untracked 
|  34|0x00000000fe200000, 0x00000000fe200000, 0x00000000fe300000|  0%| F|  |TAMS 0x00000000fe200000, 0x00000000fe200000| Untracked 
|  35|0x00000000fe300000, 0x00000000fe300000, 0x00000000fe400000|  0%| F|  |TAMS 0x00000000fe300000, 0x00000000fe300000| Untracked 
|  36|0x00000000fe400000, 0x00000000fe400000, 0x00000000fe500000|  0%| F|  |TAMS 0x00000000fe400000, 0x00000000fe400000| Untracked 
|  37|0x00000000fe500000, 0x00000000fe600000, 0x00000000fe600000|100%| S|CS|TAMS 0x00000000fe500000, 0x00000000fe500000| Complete 
|  38|0x00000000fe600000, 0x00000000fe700000, 0x00000000fe700000|100%| S|CS|TAMS 0x00000000fe600000, 0x00000000fe600000| Complete 
|  39|0x00000000fe700000, 0x00000000fe800000, 0x00000000fe800000|100%| S|CS|TAMS 0x00000000fe700000, 0x00000000fe700000| Complete 
|  40|0x00000000fe800000, 0x00000000fe800000, 0x00000000fe900000|  0%| F|  |TAMS 0x00000000fe800000, 0x00000000fe800000| Untracked 
|  41|0x00000000fe900000, 0x00000000fe900000, 0x00000000fea00000|  0%| F|  |TAMS 0x00000000fe900000, 0x00000000fe900000| Untracked 
|  42|0x00000000fea00000, 0x00000000fea00000, 0x00000000feb00000|  0%| F|  |TAMS 0x00000000fea00000, 0x00000000fea00000| Untracked 
|  43|0x00000000feb00000, 0x00000000feb00000, 0x00000000fec00000|  0%| F|  |TAMS 0x00000000feb00000, 0x00000000feb00000| Untracked 
|  44|0x00000000fec00000, 0x00000000fec00000, 0x00000000fed00000|  0%| F|  |TAMS 0x00000000fec00000, 0x00000000fec00000| Untracked 
|  45|0x00000000fed00000, 0x00000000fee00000, 0x00000000fee00000|100%| E|  |TAMS 0x00000000fed00000, 0x00000000fed00000| Complete 
|  46|0x00000000fee00000, 0x00000000fef00000, 0x00000000fef00000|100%| E|CS|TAMS 0x00000000fee00000, 0x00000000fee00000| Complete 
|  47|0x00000000fef00000, 0x00000000ff000000, 0x00000000ff000000|100%| E|CS|TAMS 0x00000000fef00000, 0x00000000fef00000| Complete 
|  48|0x00000000ff000000, 0x00000000ff100000, 0x00000000ff100000|100%| E|CS|TAMS 0x00000000ff000000, 0x00000000ff000000| Complete 
|  49|0x00000000ff100000, 0x00000000ff200000, 0x00000000ff200000|100%| E|CS|TAMS 0x00000000ff100000, 0x00000000ff100000| Complete 
|  50|0x00000000ff200000, 0x00000000ff300000, 0x00000000ff300000|100%| E|CS|TAMS 0x00000000ff200000, 0x00000000ff200000| Complete 
|  51|0x00000000ff300000, 0x00000000ff400000, 0x00000000ff400000|100%| E|CS|TAMS 0x00000000ff300000, 0x00000000ff300000| Complete 
|  52|0x00000000ff400000, 0x00000000ff500000, 0x00000000ff500000|100%| E|CS|TAMS 0x00000000ff400000, 0x00000000ff400000| Complete 
|  53|0x00000000ff500000, 0x00000000ff600000, 0x00000000ff600000|100%| E|CS|TAMS 0x00000000ff500000, 0x00000000ff500000| Complete 
|  54|0x00000000ff600000, 0x00000000ff700000, 0x00000000ff700000|100%| E|CS|TAMS 0x00000000ff600000, 0x00000000ff600000| Complete 
|  55|0x00000000ff700000, 0x00000000ff800000, 0x00000000ff800000|100%| E|CS|TAMS 0x00000000ff700000, 0x00000000ff700000| Complete 
|  56|0x00000000ff800000, 0x00000000ff900000, 0x00000000ff900000|100%| E|CS|TAMS 0x00000000ff800000, 0x00000000ff800000| Complete 
|  57|0x00000000ff900000, 0x00000000ffa00000, 0x00000000ffa00000|100%| E|CS|TAMS 0x00000000ff900000, 0x00000000ff900000| Complete 
|  58|0x00000000ffa00000, 0x00000000ffb00000, 0x00000000ffb00000|100%| E|CS|TAMS 0x00000000ffa00000, 0x00000000ffa00000| Complete 
|  59|0x00000000ffb00000, 0x00000000ffc00000, 0x00000000ffc00000|100%| E|CS|TAMS 0x00000000ffb00000, 0x00000000ffb00000| Complete 
|  60|0x00000000ffc00000, 0x00000000ffd00000, 0x00000000ffd00000|100%| E|CS|TAMS 0x00000000ffc00000, 0x00000000ffc00000| Complete 
|  61|0x00000000ffd00000, 0x00000000ffe00000, 0x00000000ffe00000|100%| E|CS|TAMS 0x00000000ffd00000, 0x00000000ffd00000| Complete 
|  62|0x00000000ffe00000, 0x00000000fff00000, 0x00000000fff00000|100%| E|CS|TAMS 0x00000000ffe00000, 0x00000000ffe00000| Complete 
|  63|0x00000000fff00000, 0x0000000100000000, 0x0000000100000000|100%| E|CS|TAMS 0x00000000fff00000, 0x00000000fff00000| Complete 

Card table byte_map: [0x00000180a8120000,0x00000180a8140000] _byte_map_base: 0x00000180a7940000

Marking Bits (Prev, Next): (CMBitMap*) 0x00000180a8036b18, (CMBitMap*) 0x00000180a8036b58
 Prev Bits: [0x00000180c1cb0000, 0x00000180c1db0000)
 Next Bits: [0x00000180c1db0000, 0x00000180c1eb0000)

Polling page: 0x00000180a7e60000

Metaspace:

Usage:
  Non-class:      8.25 MB capacity,     7.79 MB ( 94%) used,   453.59 KB (  5%) free+waste,    17.56 KB ( <1%) overhead. 
      Class:      1.30 MB capacity,     1.20 MB ( 92%) used,    98.51 KB (  7%) free+waste,    10.13 KB ( <1%) overhead. 
       Both:      9.56 MB capacity,     8.99 MB ( 94%) used,   552.09 KB (  6%) free+waste,    27.69 KB ( <1%) overhead. 

Virtual space:
  Non-class space:       10.00 MB reserved,       8.50 MB ( 85%) committed 
      Class space:        1.00 GB reserved,       1.38 MB ( <1%) committed 
             Both:        1.01 GB reserved,       9.88 MB ( <1%) committed 

Chunk freelists:
   Non-Class:  0 bytes
       Class:  10.00 KB
        Both:  10.00 KB

MaxMetaspaceSize: 17179869184.00 GB
CompressedClassSpaceSize: 1.00 GB

CodeHeap 'non-profiled nmethods': size=120000Kb used=515Kb max_used=515Kb free=119484Kb
 bounds [0x00000180b9b00000, 0x00000180b9d70000, 0x00000180c1030000]
CodeHeap 'profiled nmethods': size=120000Kb used=2753Kb max_used=2753Kb free=117246Kb
 bounds [0x00000180b25d0000, 0x00000180b2890000, 0x00000180b9b00000]
CodeHeap 'non-nmethods': size=5760Kb used=1192Kb max_used=1214Kb free=4567Kb
 bounds [0x00000180b2030000, 0x00000180b22a0000, 0x00000180b25d0000]
 total_blobs=1836 nmethods=1382 adapters=367
 compilation: enabled
              stopped_count=0, restarted_count=0
 full_count=0

Compilation events (20 events):
Event: 10.275 Thread 0x00000180c4abc800 nmethod 1376 0x00000180b287d410 code [0x00000180b287d5c0, 0x00000180b287d808]
Event: 10.275 Thread 0x00000180c4abc800 1377       3       org.gradle.internal.logging.text.AbstractLineChoppingStyledTextOutput$2::execute (73 bytes)
Event: 10.276 Thread 0x00000180c4abc800 nmethod 1377 0x00000180b287d910 code [0x00000180b287db80, 0x00000180b287e5b8]
Event: 10.276 Thread 0x00000180c4abc800 1378       3       org.gradle.internal.logging.text.AbstractLineChoppingStyledTextOutput::access$900 (4 bytes)
Event: 10.276 Thread 0x00000180c4abc800 nmethod 1378 0x00000180b287ea10 code [0x00000180b287eba0, 0x00000180b287ec98]
Event: 10.276 Thread 0x00000180c4abc800 1379       3       org.gradle.internal.logging.text.AbstractLineChoppingStyledTextOutput$StateContext::next (11 bytes)
Event: 10.276 Thread 0x00000180c4abc800 nmethod 1379 0x00000180b287ed10 code [0x00000180b287eea0, 0x00000180b287efb8]
Event: 10.276 Thread 0x00000180c4abc800 1369       3       java.util.Arrays$ArrayItr::hasNext (18 bytes)
Event: 10.276 Thread 0x00000180c4aba000 nmethod 1380 0x00000180b9b80690 code [0x00000180b9b80820, 0x00000180b9b80938]
Event: 10.276 Thread 0x00000180c4aba000 1381       4       org.gradle.internal.logging.text.AbstractLineChoppingStyledTextOutput$StateContext::isCurrentCharEquals (61 bytes)
Event: 10.276 Thread 0x00000180c4abc800 nmethod 1369 0x00000180b287f090 code [0x00000180b287f240, 0x00000180b287f3d8]
Event: 10.276 Thread 0x00000180c4abc800 1382       3       java.nio.CharBuffer::arrayOffset (35 bytes)
Event: 10.277 Thread 0x00000180c4abc800 nmethod 1382 0x00000180b287f490 code [0x00000180b287f660, 0x00000180b287f958]
Event: 10.278 Thread 0x00000180c4abc800 1387       3       java.nio.ByteBuffer::arrayOffset (35 bytes)
Event: 10.278 Thread 0x00000180c4aba000 nmethod 1381 0x00000180b9b80a90 code [0x00000180b9b80c40, 0x00000180b9b80d88]
Event: 10.278 Thread 0x00000180c4abc800 nmethod 1387 0x00000180b287fa90 code [0x00000180b287fc60, 0x00000180b287ff58]
Event: 10.278 Thread 0x00000180c4aba000 1384       4       org.gradle.internal.logging.text.AbstractLineChoppingStyledTextOutput$1::execute (9 bytes)
Event: 10.278 Thread 0x00000180c4abc800 1388       3       java.io.BufferedOutputStream::flushBuffer (29 bytes)
Event: 10.278 Thread 0x00000180c54ef800 1385       4       org.gradle.internal.logging.text.AbstractLineChoppingStyledTextOutput$1::execute (130 bytes)
Event: 10.278 Thread 0x00000180c4abc800 nmethod 1388 0x00000180b2880090 code [0x00000180b2880240, 0x00000180b2880488]

GC Heap History (2 events):
Event: 0.619 GC heap before
{Heap before GC invocations=0 (full 0):
 garbage-first heap   total 65536K, used 29696K [0x00000000fc000000, 0x0000000100000000)
  region size 1024K, 24 young (24576K), 0 survivors (0K)
 Metaspace       used 4523K, capacity 6998K, committed 7040K, reserved 1056768K
  class space    used 600K, capacity 864K, committed 896K, reserved 1048576K
}
Event: 0.623 GC heap after
{Heap after GC invocations=1 (full 0):
 garbage-first heap   total 65536K, used 9074K [0x00000000fc000000, 0x0000000100000000)
  region size 1024K, 3 young (3072K), 3 survivors (3072K)
 Metaspace       used 4523K, capacity 6998K, committed 7040K, reserved 1056768K
  class space    used 600K, capacity 864K, committed 896K, reserved 1048576K
}

Deoptimization events (20 events):
Event: 1.501 Thread 0x00000180c627a800 Uncommon trap: trap_request=0xffffffde fr.pc=0x00000180b9b329ac relative=0x0000000000000eac
Event: 1.501 Thread 0x00000180c627a800 Uncommon trap: reason=class_check action=maybe_recompile pc=0x00000180b9b329ac method=java.util.HashMap.putVal(ILjava/lang/Object;Ljava/lang/Object;ZZ)Ljava/lang/Object; @ 203 c2
Event: 1.501 Thread 0x00000180c627a800 DEOPT PACKING pc=0x00000180b9b329ac sp=0x00000009f05fe6b0
Event: 1.501 Thread 0x00000180c627a800 DEOPT UNPACKING pc=0x00000180b207912f sp=0x00000009f05fe640 mode 2
Event: 1.505 Thread 0x00000180c627a800 Uncommon trap: trap_request=0xffffff45 fr.pc=0x00000180b9b2e4bc relative=0x000000000000047c
Event: 1.505 Thread 0x00000180c627a800 Uncommon trap: reason=unstable_if action=reinterpret pc=0x00000180b9b2e4bc method=java.lang.AbstractStringBuilder.putStringAt(ILjava/lang/String;)V @ 8 c2
Event: 1.505 Thread 0x00000180c627a800 DEOPT PACKING pc=0x00000180b9b2e4bc sp=0x00000009f05fed90
Event: 1.505 Thread 0x00000180c627a800 DEOPT UNPACKING pc=0x00000180b207912f sp=0x00000009f05feca8 mode 2
Event: 1.505 Thread 0x00000180c627a800 Uncommon trap: trap_request=0xffffff45 fr.pc=0x00000180b9b37fd8 relative=0x0000000000000498
Event: 1.505 Thread 0x00000180c627a800 Uncommon trap: reason=unstable_if action=reinterpret pc=0x00000180b9b37fd8 method=java.lang.AbstractStringBuilder.putStringAt(ILjava/lang/String;)V @ 8 c2
Event: 1.505 Thread 0x00000180c627a800 DEOPT PACKING pc=0x00000180b9b37fd8 sp=0x00000009f05fed30
Event: 1.505 Thread 0x00000180c627a800 DEOPT UNPACKING pc=0x00000180b207912f sp=0x00000009f05feca0 mode 2
Event: 1.505 Thread 0x00000180c627a800 Uncommon trap: trap_request=0xffffff45 fr.pc=0x00000180b9b2c27c relative=0x00000000000000dc
Event: 1.505 Thread 0x00000180c627a800 Uncommon trap: reason=unstable_if action=reinterpret pc=0x00000180b9b2c27c method=java.lang.String.getBytes([BIB)V @ 5 c2
Event: 1.505 Thread 0x00000180c627a800 DEOPT PACKING pc=0x00000180b9b2c27c sp=0x00000009f05fec50
Event: 1.505 Thread 0x00000180c627a800 DEOPT UNPACKING pc=0x00000180b207912f sp=0x00000009f05fec18 mode 2
Event: 3.498 Thread 0x00000180c65e9000 Uncommon trap: trap_request=0xffffff45 fr.pc=0x00000180b9b5c3f4 relative=0x0000000000000fb4
Event: 3.498 Thread 0x00000180c65e9000 Uncommon trap: reason=unstable_if action=reinterpret pc=0x00000180b9b5c3f4 method=java.util.concurrent.ConcurrentHashMap.putVal(Ljava/lang/Object;Ljava/lang/Object;Z)Ljava/lang/Object; @ 97 c2
Event: 3.498 Thread 0x00000180c65e9000 DEOPT PACKING pc=0x00000180b9b5c3f4 sp=0x00000009f06fda60
Event: 3.498 Thread 0x00000180c65e9000 DEOPT UNPACKING pc=0x00000180b207912f sp=0x00000009f06fd9f8 mode 2

Classes unloaded (0 events):
No events

Classes redefined (0 events):
No events

Internal exceptions (17 events):
Event: 0.141 Thread 0x00000180a8014800 Exception <a 'java/lang/NoSuchMethodError'{0x00000000ffc2ce38}: 'int java.lang.invoke.DirectMethodHandle$Holder.invokeStaticInit(java.lang.Object, java.lang.Object)'> (0x00000000ffc2ce38) 
thrown [./src/hotspot/share/interpreter/linkResolver.cpp, line 767]
Event: 0.182 Thread 0x00000180a8014800 Exception <a 'java/lang/NoSuchMethodError'{0x00000000ffcea890}: 'int java.lang.invoke.DirectMethodHandle$Holder.invokeSpecial(java.lang.Object, java.lang.Object, java.lang.Object, java.lang.Object)'> (0x00000000ffcea890) 
thrown [./src/hotspot/share/interpreter/linkResolver.cpp, line 767]
Event: 0.186 Thread 0x00000180a8014800 Exception <a 'java/lang/NoSuchMethodError'{0x00000000ffb1d3b8}: 'int java.lang.invoke.DirectMethodHandle$Holder.invokeSpecialIFC(java.lang.Object, java.lang.Object, int)'> (0x00000000ffb1d3b8) 
thrown [./src/hotspot/share/interpreter/linkResolver.cpp, line 767]
Event: 0.532 Thread 0x00000180a8014800 Exception <a 'java/lang/NoClassDefFoundError'{0x00000000fec29730}: org/slf4j/impl/StaticMarkerBinder> (0x00000000fec29730) 
thrown [./src/hotspot/share/classfile/systemDictionary.cpp, line 221]
Event: 0.541 Thread 0x00000180a8014800 Exception <a 'java/lang/NoSuchMethodError'{0x00000000fecc7080}: 'java.lang.Object java.lang.invoke.DirectMethodHandle$Holder.invokeVirtual(java.lang.Object, java.lang.Object, java.lang.Object, java.lang.Object, java.lang.Object, java.lang.Object)'> (0x00000000fecc7080) 
thrown [./src/hotspot/share/interpreter/linkResolver.cpp, line 767]
Event: 0.635 Thread 0x00000180a8014800 Exception <a 'java/lang/NoSuchMethodError'{0x00000000fff64340}: 'void java.lang.invoke.DelegatingMethodHandle$Holder.delegate(java.lang.Object, java.lang.Object, int, java.lang.Object)'> (0x00000000fff64340) 
thrown [./src/hotspot/share/interpreter/linkResolver.cpp, line 767]
Event: 0.661 Thread 0x00000180a8014800 Exception <a 'java/lang/NoSuchMethodError'{0x00000000ffd538a8}: 'java.lang.Object java.lang.invoke.DirectMethodHandle$Holder.invokeInterface(java.lang.Object, java.lang.Object, java.lang.Object)'> (0x00000000ffd538a8) 
thrown [./src/hotspot/share/interpreter/linkResolver.cpp, line 767]
Event: 0.704 Thread 0x00000180a8014800 Exception <a 'java/lang/NoSuchMethodError'{0x00000000ffb5eb88}: 'java.lang.Object java.lang.invoke.DirectMethodHandle$Holder.invokeStaticInit(java.lang.Object, java.lang.Object, java.lang.Object)'> (0x00000000ffb5eb88) 
thrown [./src/hotspot/share/interpreter/linkResolver.cpp, line 767]
Event: 0.774 Thread 0x00000180a8014800 Exception <a 'java/lang/NoSuchMethodError'{0x00000000ff64e718}: 'java.lang.Object java.lang.invoke.DirectMethodHandle$Holder.invokeStaticInit(java.lang.Object, int, int, int, int)'> (0x00000000ff64e718) 
thrown [./src/hotspot/share/interpreter/linkResolver.cpp, line 767]
Event: 0.938 Thread 0x00000180a8014800 Exception <a 'java/lang/NoSuchMethodError'{0x00000000ff6a1fa8}: 'java.lang.Object java.lang.invoke.DirectMethodHandle$Holder.invokeStaticInit(java.lang.Object, java.lang.Object, int, int, int, int)'> (0x00000000ff6a1fa8) 
thrown [./src/hotspot/share/interpreter/linkResolver.cpp, line 767]
Event: 1.495 Thread 0x00000180c627a800 Exception <a 'java/lang/NoSuchMethodError'{0x00000000fef9a878}: 'void java.lang.invoke.DirectMethodHandle$Holder.invokeStatic(java.lang.Object, long)'> (0x00000000fef9a878) 
thrown [./src/hotspot/share/interpreter/linkResolver.cpp, line 767]
Event: 1.497 Thread 0x00000180c627a800 Exception <a 'java/lang/NoSuchMethodError'{0x00000000fefa5440}: 'java.lang.Object java.lang.invoke.DirectMethodHandle$Holder.invokeStaticInit(java.lang.Object, java.lang.Object, long, java.lang.Object)'> (0x00000000fefa5440) 
thrown [./src/hotspot/share/interpreter/linkResolver.cpp, line 767]
Event: 1.498 Thread 0x00000180c627a800 Exception <a 'java/lang/NoSuchMethodError'{0x00000000fefab4c8}: 'java.lang.Object java.lang.invoke.Invokers$Holder.linkToTargetMethod(java.lang.Object, long, java.lang.Object)'> (0x00000000fefab4c8) 
thrown [./src/hotspot/share/interpreter/linkResolver.cpp, line 767]
Event: 3.532 Thread 0x00000180a8014800 Exception <a 'java/lang/NoSuchMethodError'{0x00000000fee87590}: 'java.lang.Object java.lang.invoke.Invokers$Holder.linkToTargetMethod(java.lang.Object, int, java.lang.Object)'> (0x00000000fee87590) 
thrown [./src/hotspot/share/interpreter/linkResolver.cpp, line 767]
Event: 10.265 Thread 0x00000180a8014800 Exception <a 'sun/net/ConnectionResetException'{0x00000000feedf498}: Connection reset> (0x00000000feedf498) 
thrown [./src/hotspot/share/prims/jni.cpp, line 619]
Event: 10.270 Thread 0x00000180a8014800 Exception <a 'java/lang/NoSuchMethodError'{0x00000000fedae378}: 'int java.lang.invoke.DirectMethodHandle$Holder.invokeVirtual(java.lang.Object, java.lang.Object)'> (0x00000000fedae378) 
thrown [./src/hotspot/share/interpreter/linkResolver.cpp, line 767]
Event: 10.272 Thread 0x00000180c6297800 Exception <a 'java/io/IOException'{0x00000000fed028d0}: Connection reset by peer> (0x00000000fed028d0) 
thrown [./src/hotspot/share/prims/jni.cpp, line 619]

Events (20 events):
Event: 10.267 loading class org/slf4j/helpers/FormattingTuple
Event: 10.267 loading class org/slf4j/helpers/FormattingTuple done
Event: 10.267 loading class org/gradle/util/internal/LimitedDescription
Event: 10.267 loading class org/gradle/util/internal/LimitedDescription done
Event: 10.271 loading class org/gradle/internal/logging/ConsoleRenderer
Event: 10.271 loading class org/gradle/internal/logging/ConsoleRenderer done
Event: 10.272 Executing VM operation: RevokeBias
Event: 10.272 Executing VM operation: RevokeBias done
Event: 10.272 Thread 0x00000180c6297800 Thread exited: 0x00000180c6297800
Event: 10.272 loading class org/gradle/internal/remote/internal/inet/SocketConnection$1
Event: 10.272 loading class org/gradle/internal/remote/internal/inet/SocketConnection$1 done
Event: 10.273 loading class java/util/concurrent/ConcurrentLinkedQueue$Itr
Event: 10.273 loading class java/util/concurrent/ConcurrentLinkedQueue$Itr done
Event: 10.278 Thread 0x00000180c54ef800 Thread added: 0x00000180c54ef800
Event: 10.278 Executing VM operation: RevokeBias
Event: 10.278 Executing VM operation: RevokeBias done
Event: 10.278 loading class org/gradle/execution/MultipleBuildFailures
Event: 10.278 loading class org/gradle/execution/MultipleBuildFailures done
Event: 10.279 loading class org/gradle/internal/logging/services/LoggingBackedStyledTextOutput
Event: 10.279 loading class org/gradle/internal/logging/services/LoggingBackedStyledTextOutput done


Dynamic libraries:
0x00007ff772810000 - 0x00007ff772830000 	C:\Program Files\ojdkbuild\java-13-openjdk-13.0.4-1\bin\java.exe
0x00007ffd617d0000 - 0x00007ffd619c5000 	C:\WINDOWS\SYSTEM32\ntdll.dll
0x00007ffd60f80000 - 0x00007ffd6103d000 	C:\WINDOWS\System32\KERNEL32.DLL
0x00007ffd5ef10000 - 0x00007ffd5f1d8000 	C:\WINDOWS\System32\KERNELBASE.dll
0x00007ffd5f660000 - 0x00007ffd5f760000 	C:\WINDOWS\System32\ucrtbase.dll
0x00007ffd34a20000 - 0x00007ffd34a38000 	C:\Program Files\ojdkbuild\java-13-openjdk-13.0.4-1\bin\jli.dll
0x00007ffd60ca0000 - 0x00007ffd60e40000 	C:\WINDOWS\System32\USER32.dll
0x00007ffd5f800000 - 0x00007ffd5f822000 	C:\WINDOWS\System32\win32u.dll
0x00007ffd4e7c0000 - 0x00007ffd4ea5a000 	C:\WINDOWS\WinSxS\amd64_microsoft.windows.common-controls_6595b64144ccf1df_6.0.19041.844_none_ca00b6081b84eb1d\COMCTL32.dll
0x00007ffd5f920000 - 0x00007ffd5f94a000 	C:\WINDOWS\System32\GDI32.dll
0x00007ffd2f5b0000 - 0x00007ffd2f5c5000 	C:\Program Files\ojdkbuild\java-13-openjdk-13.0.4-1\bin\VCRUNTIME140.dll
0x00007ffd5f550000 - 0x00007ffd5f65b000 	C:\WINDOWS\System32\gdi32full.dll
0x00007ffd607d0000 - 0x00007ffd6086e000 	C:\WINDOWS\System32\msvcrt.dll
0x00007ffd5f760000 - 0x00007ffd5f7fd000 	C:\WINDOWS\System32\msvcp_win.dll
0x00007ffd5f9f0000 - 0x00007ffd5fa20000 	C:\WINDOWS\System32\IMM32.DLL
0x00007ffcff150000 - 0x00007ffcff1eb000 	C:\Program Files\ojdkbuild\java-13-openjdk-13.0.4-1\bin\msvcp140.dll
0x00007ffce3940000 - 0x00007ffce452e000 	C:\Program Files\ojdkbuild\java-13-openjdk-13.0.4-1\bin\server\jvm.dll
0x00007ffd60720000 - 0x00007ffd607cc000 	C:\WINDOWS\System32\ADVAPI32.dll
0x00007ffd5f950000 - 0x00007ffd5f9eb000 	C:\WINDOWS\System32\sechost.dll
0x00007ffd60e40000 - 0x00007ffd60f6b000 	C:\WINDOWS\System32\RPCRT4.dll
0x00007ffd5f830000 - 0x00007ffd5f838000 	C:\WINDOWS\System32\PSAPI.DLL
0x00007ffd46e60000 - 0x00007ffd46e69000 	C:\WINDOWS\SYSTEM32\WSOCK32.dll
0x00007ffd606b0000 - 0x00007ffd6071b000 	C:\WINDOWS\System32\WS2_32.dll
0x00007ffd502d0000 - 0x00007ffd502f7000 	C:\WINDOWS\SYSTEM32\WINMM.dll
0x00007ffd59230000 - 0x00007ffd5923a000 	C:\WINDOWS\SYSTEM32\VERSION.dll
0x00007ffd5ce70000 - 0x00007ffd5ce82000 	C:\WINDOWS\SYSTEM32\kernel.appcore.dll
0x00007ffd3eaf0000 - 0x00007ffd3eb00000 	C:\Program Files\ojdkbuild\java-13-openjdk-13.0.4-1\bin\verify.dll
0x00007ffd49e20000 - 0x00007ffd4a004000 	C:\WINDOWS\SYSTEM32\DBGHELP.DLL
0x00007ffd46100000 - 0x00007ffd4612c000 	C:\WINDOWS\SYSTEM32\dbgcore.DLL
0x00007ffd5f230000 - 0x00007ffd5f2b0000 	C:\WINDOWS\System32\bcryptPrimitives.dll
0x00007ffd25b40000 - 0x00007ffd25b66000 	C:\Program Files\ojdkbuild\java-13-openjdk-13.0.4-1\bin\java.dll
0x00007ffd38b30000 - 0x00007ffd38b3a000 	C:\Program Files\ojdkbuild\java-13-openjdk-13.0.4-1\bin\jimage.dll
0x00007ffd2be20000 - 0x00007ffd2be37000 	C:\Program Files\ojdkbuild\java-13-openjdk-13.0.4-1\bin\zip.dll
0x00007ffd61040000 - 0x00007ffd61782000 	C:\WINDOWS\System32\SHELL32.dll
0x00007ffd5d070000 - 0x00007ffd5d801000 	C:\WINDOWS\SYSTEM32\windows.storage.dll
0x00007ffd60040000 - 0x00007ffd60395000 	C:\WINDOWS\System32\combase.dll
0x00007ffd5e980000 - 0x00007ffd5e9ac000 	C:\WINDOWS\SYSTEM32\Wldp.dll
0x00007ffd60870000 - 0x00007ffd6091e000 	C:\WINDOWS\System32\SHCORE.dll
0x00007ffd60650000 - 0x00007ffd606a5000 	C:\WINDOWS\System32\shlwapi.dll
0x00007ffd5ee50000 - 0x00007ffd5ee6f000 	C:\WINDOWS\SYSTEM32\profapi.dll
0x00007ffd201b0000 - 0x00007ffd201c9000 	C:\Program Files\ojdkbuild\java-13-openjdk-13.0.4-1\bin\net.dll
0x00007ffd59dd0000 - 0x00007ffd59edb000 	C:\WINDOWS\SYSTEM32\WINHTTP.dll
0x00007ffd5e6f0000 - 0x00007ffd5e75a000 	C:\WINDOWS\system32\mswsock.dll
0x00007ffd1ff40000 - 0x00007ffd1ff52000 	C:\Program Files\ojdkbuild\java-13-openjdk-13.0.4-1\bin\nio.dll
0x00007ffd16520000 - 0x00007ffd16547000 	C:\Users\Túlio\.gradle\native\fdc75f09e3144964f2cf3f50f0aa648679c211496f362492102eb8c894070792\windows-amd64\native-platform.dll
0x00007ffcf1560000 - 0x00007ffcf16f6000 	C:\Users\Túlio\.gradle\native\12488b8bf47d2d4c9fbf2f6322a914ad602e24e48041cd04a747c6da556b65c4\windows-amd64\native-platform-file-events.dll
0x00007ffd41d60000 - 0x00007ffd41d6a000 	C:\Users\Túlio\.gradle\native\jansi\1.18\windows64\jansi.dll
0x00007ffd368e0000 - 0x00007ffd368e9000 	C:\Program Files\ojdkbuild\java-13-openjdk-13.0.4-1\bin\management.dll
0x00007ffd34920000 - 0x00007ffd3492b000 	C:\Program Files\ojdkbuild\java-13-openjdk-13.0.4-1\bin\management_ext.dll
0x00007ffd5e8c0000 - 0x00007ffd5e8d8000 	C:\WINDOWS\SYSTEM32\CRYPTSP.dll
0x00007ffd5dfb0000 - 0x00007ffd5dfe4000 	C:\WINDOWS\system32\rsaenh.dll
0x00007ffd5f4c0000 - 0x00007ffd5f4e7000 	C:\WINDOWS\System32\bcrypt.dll
0x00007ffd5ee10000 - 0x00007ffd5ee3e000 	C:\WINDOWS\SYSTEM32\USERENV.dll
0x00007ffd5e8e0000 - 0x00007ffd5e8ec000 	C:\WINDOWS\SYSTEM32\CRYPTBASE.dll
0x00007ffd5e390000 - 0x00007ffd5e3cb000 	C:\WINDOWS\SYSTEM32\IPHLPAPI.DLL
0x00007ffd60f70000 - 0x00007ffd60f78000 	C:\WINDOWS\System32\NSI.dll
0x00007ffd595f0000 - 0x00007ffd59607000 	C:\WINDOWS\SYSTEM32\dhcpcsvc6.DLL
0x00007ffd595d0000 - 0x00007ffd595ed000 	C:\WINDOWS\SYSTEM32\dhcpcsvc.DLL
0x00007ffd5e3e0000 - 0x00007ffd5e4ac000 	C:\WINDOWS\SYSTEM32\DNSAPI.dll
0x00007ffd59610000 - 0x00007ffd5961b000 	C:\WINDOWS\SYSTEM32\WINNSI.DLL

dbghelp: loaded successfully - version: 4.0.5 - missing functions: none
symbol engine: initialized successfully - sym options: 0x614 - pdb path: .;C:\Program Files\ojdkbuild\java-13-openjdk-13.0.4-1\bin;C:\WINDOWS\SYSTEM32;C:\WINDOWS\WinSxS\amd64_microsoft.windows.common-controls_6595b64144ccf1df_6.0.19041.844_none_ca00b6081b84eb1d;C:\Program Files\ojdkbuild\java-13-openjdk-13.0.4-1\bin\server;C:\Users\Túlio\.gradle\native\fdc75f09e3144964f2cf3f50f0aa648679c211496f362492102eb8c894070792\windows-amd64;C:\Users\Túlio\.gradle\native\12488b8bf47d2d4c9fbf2f6322a914ad602e24e48041cd04a747c6da556b65c4\windows-amd64;C:\Users\Túlio\.gradle\native\jansi\1.18\windows64

VM Arguments:
jvm_args: -Xmx64m -Xms64m -Dorg.gradle.appname=gradlew 
java_command: org.gradle.wrapper.GradleWrapperMain app:installDebug -PreactNativeDevServerPort=8081
java_class_path (initial): D:\eventvs-front-end\android\\gradle\wrapper\gradle-wrapper.jar
Launcher Type: SUN_STANDARD

[Global flags]
     intx CICompilerCount                          = 4                                         {product} {ergonomic}
     uint ConcGCThreads                            = 3                                         {product} {ergonomic}
     uint G1ConcRefinementThreads                  = 10                                        {product} {ergonomic}
   size_t G1HeapRegionSize                         = 1048576                                   {product} {ergonomic}
    uintx GCDrainStackTargetSize                   = 64                                        {product} {ergonomic}
   size_t InitialHeapSize                          = 67108864                                  {product} {command line}
   size_t MarkStackSize                            = 4194304                                   {product} {ergonomic}
   size_t MaxHeapSize                              = 67108864                                  {product} {command line}
   size_t MaxNewSize                               = 39845888                                  {product} {ergonomic}
   size_t MinHeapDeltaBytes                        = 1048576                                   {product} {ergonomic}
   size_t MinHeapSize                              = 67108864                                  {product} {command line}
    uintx NonNMethodCodeHeapSize                   = 5839372                                {pd product} {ergonomic}
    uintx NonProfiledCodeHeapSize                  = 122909434                              {pd product} {ergonomic}
    uintx ProfiledCodeHeapSize                     = 122909434                              {pd product} {ergonomic}
    uintx ReservedCodeCacheSize                    = 251658240                              {pd product} {ergonomic}
     bool SegmentedCodeCache                       = true                                      {product} {ergonomic}
   size_t SoftMaxHeapSize                          = 67108864                               {manageable} {ergonomic}
     bool UseCompressedClassPointers               = true                                 {lp64_product} {ergonomic}
     bool UseCompressedOops                        = true                                 {lp64_product} {ergonomic}
     bool UseG1GC                                  = true                                      {product} {ergonomic}
     bool UseLargePagesIndividualAllocation        = false                                  {pd product} {ergonomic}

Logging:
Log output configuration:
 #0: stdout all=warning uptime,level,tags
 #1: stderr all=off uptime,level,tags

Environment Variables:
CLASSPATH=D:\eventvs-front-end\android\\gradle\wrapper\gradle-wrapper.jar
PATH=D:\eventvs-front-end\android\node_modules\.bin;D:\eventvs-front-end\node_modules\.bin;D:\node_modules\.bin;D:\Miniconda3;C:\Users\TLIO~1\AppData\Local\Temp\yarn--1620522128556-0.2900335170410202;D:\eventvs-front-end\node_modules\.bin;C:\Users\Túlio\AppData\Local\Yarn\Data\link\node_modules\.bin;C:\Users\Túlio\AppData\Local\Yarn\bin;D:\libexec\lib\node_modules\npm\bin\node-gyp-bin;D:\lib\node_modules\npm\bin\node-gyp-bin;D:\Miniconda3\node_modules\npm\bin\node-gyp-bin;D:\Arquivos de programas 64 bits\Haskell Platform\8.6.5\lib\extralibs\bin;D:\Arquivos de programas 64 bits\Haskell Platform\8.6.5\bin;D:\Miniconda3;D:\Miniconda3\Library\mingw-w64\bin;D:\Miniconda3\Library\usr\bin;D:\Miniconda3\Library\bin;D:\Miniconda3\Scripts;C:\CMake\bin;D:\Arquivos de programas 64 bits\NVIDA GPU Computing\CUDA\v10.2\bin;D:\Arquivos de programas 64 bits\NVIDA GPU Computing\CUDA\v10.2\libnvvp;D:\Arquivos de programas 64 bits\NVIDA GPU Computing\CUDA\v10.2\include;D:\Arquivos de programas 64 bits\Microsoft MPI\Bin\;C:\Program Files\ojdkbuild\java-13-openjdk-13.0.4-1\bin;C:\Program Files\Java\jdk-16\bin;C:\Program Files\Common Files\Oracle\Java\javapath;C:\Program Files (x86)\Common Files\Oracle\Java\javapath;D:\Strawberry\c\bin;D:\Strawberry\perl\bin;D:\Strawberry\perl\site\bin;D:\Arquivos de programas 64 bits\Haskell Platform\8.6.5\mingw\bin;C:\WINDOWS;C:\WINDOWS\system32;C:\WINDOWS\System32\Wbem;C:\WINDOWS\System32\WindowsPowerShell\v1.0\;C:\WINDOWS\System32\OpenSSH\;C:\Program Files\MySQL\MySQL Server 5.7\bin;D:\Arquivos de programas 64 bits\PostGreSQL\11\bin;C:\Program Files\Java\jdk1.8.0_172\jre\lib\ext;C:\Program Files (x86)\Dev-Cpp\MinGW64\bin;C:\Program Files\NVIDIA Corporation\NVIDIA NvDLISR;C:\Program Files\R\R-3.5.3\bin;C:\Program Files (x86)\NVIDIA Corporation\PhysX\Common;D:\Arquivos de Programas 64 bits\MiKTeX 2.9\miktex\bin\x64\;D:\Microsoft VS Code\bin;C:\Program Files\Git\cmd;C:\Program Files\dotnet\;C:\Program Files (x86)\dotnet-core-uninstall\;C:\Program Files (x86
USERNAME=Túlio
OS=Windows_NT
PROCESSOR_IDENTIFIER=AMD64 Family 23 Model 8 Stepping 2, AuthenticAMD



---------------  S Y S T E M  ---------------

OS: Windows 10 , 64 bit Build 19041 (10.0.19041.928)
OS uptime: 0 days 4:35 hours

CPU:total 12 (initial active 12) (12 cores per cpu, 2 threads per core) family 23 model 8 stepping 2, cmov, cx8, fxsr, mmx, sse, sse2, sse3, ssse3, sse4.1, sse4.2, popcnt, avx, avx2, aes, clmul, mmxext, 3dnowpref, lzcnt, sse4a, ht, tsc, tscinvbit, tscinv, bmi1, bmi2, adx, sha, fma

Memory: 4k page, system-wide physical 16335M (5040M free)
TotalPageFile size 21855M (AvailPageFile size 554M)
current process WorkingSet (physical memory assigned to process): 90M, peak: 97M
current process commit charge ("private bytes"): 170M, peak: 175M

vm_info: OpenJDK 64-Bit Server VM (13.0.4+8) for windows-amd64 JRE (13.0.4+8), built on Aug 30 2020 11:23:20 by "" with MS VC++ 15.9 (VS2017)

END.
